
Sun Jun 11 2023 16:12:42:362 GMT+0530 (India Standard Time) -- [SUCCESS] You can now access your local server(s) in our remote browser

Sun Jun 11 2023 16:12:42:471 GMT+0530 (India Standard Time) -- Press Ctrl-C to exit


Sun Jun 11 2023 16:12:43:185 GMT+0530 (India Standard Time) -- Starting configuration console on http://localhost:45454

Sun Jun 11 2023 16:14:39:913 GMT+0530 (India Standard Time) -- [SUCCESS] You can now access your local server(s) in our remote browser

Sun Jun 11 2023 16:14:39:960 GMT+0530 (India Standard Time) -- Press Ctrl-C to exit


Sun Jun 11 2023 16:14:40:942 GMT+0530 (India Standard Time) -- Starting configuration console on http://localhost:45454

Sun Jun 11 2023 16:33:39:678 GMT+0530 (India Standard Time) -- [SUCCESS] You can now access your local server(s) in our remote browser

Sun Jun 11 2023 16:33:40:398 GMT+0530 (India Standard Time) -- Press Ctrl-C to exit


Sun Jun 11 2023 16:33:40:607 GMT+0530 (India Standard Time) -- Starting configuration console on http://localhost:45454

Thu Jun 22 2023 16:15:35:705 GMT+0530 (India Standard Time) -- [WARNING] Skipping initialisation of configuration console because: port already in use by another Binary
Thu Jun 22 2023 16:15:36:917 GMT+0530 (India Standard Time) -- [SUCCESS] You can now access your local server(s) in our remote browser

Thu Jun 22 2023 16:15:37:0 GMT+0530 (India Standard Time) -- Press Ctrl-C to exit



Thu Jun 22 2023 16:19:24:378 GMT+0530 (India Standard Time) -- [WARNING] Skipping initialisation of configuration console because: port already in use by another Binary
Thu Jun 22 2023 16:19:26:516 GMT+0530 (India Standard Time) -- [SUCCESS] You can now access your local server(s) in our remote browser

Thu Jun 22 2023 16:19:27:138 GMT+0530 (India Standard Time) -- Press Ctrl-C to exit



Thu Jun 22 2023 16:21:01:958 GMT+0530 (India Standard Time) -- [WARNING] Skipping initialisation of configuration console because: port already in use by another Binary
Thu Jun 22 2023 16:21:03:153 GMT+0530 (India Standard Time) -- [SUCCESS] You can now access your local server(s) in our remote browser

Thu Jun 22 2023 16:21:06:696 GMT+0530 (India Standard Time) -- Press Ctrl-C to exit



Thu Jun 22 2023 16:21:18:930 GMT+0530 (India Standard Time) -- [WARNING] Skipping initialisation of configuration console because: port already in use by another Binary
Thu Jun 22 2023 16:21:20:28 GMT+0530 (India Standard Time) -- [SUCCESS] You can now access your local server(s) in our remote browser

Thu Jun 22 2023 16:21:20:62 GMT+0530 (India Standard Time) -- Press Ctrl-C to exit



Thu Jun 22 2023 19:52:14:161 GMT+0530 (India Standard Time) -- [SUCCESS] You can now access your local server(s) in our remote browser

Thu Jun 22 2023 19:52:14:195 GMT+0530 (India Standard Time) -- Press Ctrl-C to exit


Thu Jun 22 2023 19:52:14:995 GMT+0530 (India Standard Time) -- Starting configuration console on http://localhost:45454
